0 info it worked if it ends with ok
1 verbose cli [ '/home/dan/node-v4.4.5-linux-x64/bin/node',
1 verbose cli   '/home/dan/node-v4.4.5-linux-x64/bin/npm',
1 verbose cli   'whoami' ]
2 info using npm@4.0.5
3 info using node@v4.4.5
4 verbose stack Error: this command requires you to be logged in.
4 verbose stack     at EventEmitter.whoami (/home/dan/node-v4.4.5-linux-x64/lib/node_modules/npm/lib/whoami.js:42:18)
4 verbose stack     at Object.commandCache.(anonymous function) (/home/dan/node-v4.4.5-linux-x64/lib/node_modules/npm/lib/npm.js:127:13)
4 verbose stack     at EventEmitter.<anonymous> (/home/dan/node-v4.4.5-linux-x64/lib/node_modules/npm/bin/npm-cli.js:77:30)
4 verbose stack     at nextTickCallbackWith0Args (node.js:420:9)
4 verbose stack     at process._tickCallback (node.js:349:13)
5 verbose cwd /home/dan/projects/jolie-packages/registry
6 error Linux 4.4.0-57-generic
7 error argv "/home/dan/node-v4.4.5-linux-x64/bin/node" "/home/dan/node-v4.4.5-linux-x64/bin/npm" "whoami"
8 error node v4.4.5
9 error npm  v4.0.5
10 error code ENEEDAUTH
11 error need auth this command requires you to be logged in.
12 error need auth You need to authorize this machine using `npm adduser`
13 verbose exit [ 1, true ]
